<?xml version="1.0" encoding="UTF-8"?>
<!-- Generated by org.testng.reporters.JUnitXMLReporter -->
<testsuite hostname="LAPTOP-NPF4LHAC" ignored="7" name="Default test" tests="1" failures="0" timestamp="19 Jul 2017 05:04:50 GMT" time="13.916" errors="0">
  <testcase name="test2" time="4.658" classname="testScenarios.LoginTestScearios"/>
  <testcase name="test4" time="0.0" classname="testScenarios.TimeTrackTest">
    <ignored/>
  </testcase> <!-- test4 -->
  <testcase name="test3" time="0.0" classname="testScenarios.TimeTrackTest">
    <ignored/>
  </testcase> <!-- test3 -->
  <testcase name="test2" time="0.0" classname="testScenarios.DataDrivenTest">
    <ignored/>
  </testcase> <!-- test2 -->
  <testcase name="test2" time="0.0" classname="testScenarios.TimeTrackTest">
    <ignored/>
  </testcase> <!-- test2 -->
  <testcase name="test3" time="0.0" classname="testScenarios.LoginTestScearios">
    <ignored/>
  </testcase> <!-- test3 -->
  <testcase name="test1" time="0.0" classname="testScenarios.LoginTestScearios">
    <ignored/>
  </testcase> <!-- test1 -->
  <testcase name="test1" time="0.0" classname="testScenarios.TimeTrackTest">
    <ignored/>
  </testcase> <!-- test1 -->
</testsuite> <!-- Default test -->
