<?xml version="1.0" encoding="UTF-8"?>
<testng-results skipped="0" failed="0" ignored="7" total="8" passed="1">
  <reporter-output>
  </reporter-output>
  <suite name="Smoke suite" duration-ms="13916" started-at="2017-07-19T05:04:36Z" finished-at="2017-07-19T05:04:50Z">
    <groups>
    </groups>
    <test name="Default test" duration-ms="13916" started-at="2017-07-19T05:04:36Z" finished-at="2017-07-19T05:04:50Z">
      <class name="testScenarios.LoginTestScearios">
        <test-method status="PASS" signature="setUp()[pri:0, instance:testScenarios.LoginTestScearios@5f2050f6]" name="setUp" is-config="true" duration-ms="8497" started-at="2017-07-19T10:34:37Z" finished-at="2017-07-19T10:34:45Z">
          <reporter-output>
          </reporter-output>
        </test-method> <!-- setUp -->
        <test-method status="PASS" signature="test2()[pri:0, instance:testScenarios.LoginTestScearios@5f2050f6]" name="test2" duration-ms="4658" started-at="2017-07-19T10:34:45Z" description="validating login with Invalid credentials " finished-at="2017-07-19T10:34:50Z">
          <reporter-output>
          </reporter-output>
        </test-method> <!-- test2 -->
        <test-method status="PASS" signature="teadDown()[pri:0, instance:testScenarios.LoginTestScearios@5f2050f6]" name="teadDown" is-config="true" duration-ms="732" started-at="2017-07-19T10:34:50Z" finished-at="2017-07-19T10:34:50Z">
          <reporter-output>
          </reporter-output>
        </test-method> <!-- teadDown -->
      </class> <!-- testScenarios.LoginTestScearios -->
    </test> <!-- Default test -->
  </suite> <!-- Smoke suite -->
</testng-results>
